c:\users\cjh\desktop\diary (4)\diary (4)\diary\debug\diary.pch
c:\users\cjh\desktop\diary (4)\diary (4)\diary\debug\vc140.pdb
c:\users\cjh\desktop\diary (4)\diary (4)\diary\debug\vc140.idb
c:\users\cjh\desktop\diary (4)\diary (4)\diary\debug\stdafx.obj
c:\users\cjh\desktop\diary (4)\diary (4)\diary\debug\change.obj
c:\users\cjh\desktop\diary (4)\diary (4)\diary\debug\dataset.obj
c:\users\cjh\desktop\diary (4)\diary (4)\diary\debug\diary.obj
c:\users\cjh\desktop\diary (4)\diary (4)\diary\debug\diarydoc.obj
c:\users\cjh\desktop\diary (4)\diary (4)\diary\debug\logindlg.obj
c:\users\cjh\desktop\diary (4)\diary (4)\diary\debug\mainfrm.obj
c:\users\cjh\desktop\diary (4)\diary (4)\diary\debug\diaryview.obj
c:\users\cjh\desktop\diary (4)\diary (4)\debug\diary.ilk
c:\users\cjh\desktop\diary (4)\diary (4)\debug\diary.exe
c:\users\cjh\desktop\diary (4)\diary (4)\debug\diary.pdb
c:\users\cjh\desktop\diary (4)\diary (4)\diary\debug\diary.res
c:\users\cjh\desktop\diary (4)\diary (4)\diary\debug\diary.tlog\cl.command.1.tlog
c:\users\cjh\desktop\diary (4)\diary (4)\diary\debug\diary.tlog\cl.read.1.tlog
c:\users\cjh\desktop\diary (4)\diary (4)\diary\debug\diary.tlog\cl.write.1.tlog
c:\users\cjh\desktop\diary (4)\diary (4)\diary\debug\diary.tlog\link.command.1.tlog
c:\users\cjh\desktop\diary (4)\diary (4)\diary\debug\diary.tlog\link.read.1.tlog
c:\users\cjh\desktop\diary (4)\diary (4)\diary\debug\diary.tlog\link.write.1.tlog
c:\users\cjh\desktop\diary (4)\diary (4)\diary\debug\diary.tlog\rc.command.1.tlog
c:\users\cjh\desktop\diary (4)\diary (4)\diary\debug\diary.tlog\rc.read.1.tlog
c:\users\cjh\desktop\diary (4)\diary (4)\diary\debug\diary.tlog\rc.write.1.tlog
